{
  "stats": {
    "suites": 13,
    "tests": 25,
    "passes": 22,
    "pending": 3,
    "failures": 0,
    "start": "2023-01-12T16:57:55.588Z",
    "end": "2023-01-12T16:57:59.742Z",
    "duration": 4154,
    "testsRegistered": 25,
    "passPercent": 100,
    "pendingPercent": 12,
    "other": 0,
    "hasOther": false,
    "skipped": 0,
    "hasSkipped": false
  },
  "results": [
    {
      "uuid": "382394f5-563b-4567-b211-291528627107",
      "title": "",
      "fullFile": "",
      "file": "",
      "beforeHooks": [],
      "afterHooks": [],
      "tests": [],
      "suites": [
        {
          "uuid": "45ed9ec6-f857-4020-a9a0-0608e2ab7fb7",
          "title": "Task Api",
          "fullFile": "C:\\harsh\\coding\\unitTesting\\test\\api.spec.js",
          "file": "\\test\\api.spec.js",
          "beforeHooks": [],
          "afterHooks": [],
          "tests": [
            {
              "title": "get user",
              "fullTitle": "Task Api get user",
              "timedOut": false,
              "duration": 6,
              "state": "passed",
              "speed": "fast",
              "pass": true,
              "fail": false,
              "pending": false,
              "context": null,
              "code": "chai\n\t.request(server)\n\t.get(\"/user\")\n\t.end((err, response) => {\n\t\texpect(response.status).to.be.equal(200);\n\t\texpect(response.body).to.have.all.keys(\"message\", \"temp\", \"number\");\n\t});\ndone();",
              "err": {},
              "uuid": "80d3bdfb-74ef-4bbf-885c-ae36cbe24b44",
              "parentUUID": "45ed9ec6-f857-4020-a9a0-0608e2ab7fb7",
              "isHook": false,
              "skipped": false
            }
          ],
          "suites": [],
          "passes": [
            "80d3bdfb-74ef-4bbf-885c-ae36cbe24b44"
          ],
          "failures": [],
          "pending": [],
          "skipped": [],
          "duration": 6,
          "root": false,
          "rootEmpty": false,
          "_timeout": 2000
        },
        {
          "uuid": "2af918cf-a52c-4713-b843-425a168f8855",
          "title": "------------Promise------------",
          "fullFile": "C:\\harsh\\coding\\unitTesting\\test\\delayed.spec.js",
          "file": "\\test\\delayed.spec.js",
          "beforeHooks": [],
          "afterHooks": [],
          "tests": [
            {
              "title": "should return return right data from the promise (then)",
              "fullTitle": "------------Promise------------ should return return right data from the promise (then)",
              "timedOut": false,
              "duration": 2507,
              "state": "passed",
              "speed": "slow",
              "pass": true,
              "fail": false,
              "pending": false,
              "context": null,
              "code": "// this.timeout(3000); //this will ensure that the promise you are waiting for does not take too much time;\nthis.timeout(0); //this removes the time restriction of 2000 ms set by default;\nstudent.getDataWithTimeout().then(function (data) {\n\texpect(data).to.be.equal(10);\n\tdone(); //returns time;\n});",
              "err": {},
              "uuid": "d4e4971c-d56e-4534-bf20-28faab52192b",
              "parentUUID": "2af918cf-a52c-4713-b843-425a168f8855",
              "isHook": false,
              "skipped": false
            },
            {
              "title": "should return return right data from the promise (traditional way)",
              "fullTitle": "------------Promise------------ should return return right data from the promise (traditional way)",
              "timedOut": false,
              "duration": 1521,
              "state": "passed",
              "speed": "slow",
              "pass": true,
              "fail": false,
              "pending": false,
              "context": null,
              "code": "let data = await student.getData();\nexpect(data).to.be.equal(10);",
              "err": {},
              "uuid": "b78046b7-5e74-4d3b-958c-61ee2496f64e",
              "parentUUID": "2af918cf-a52c-4713-b843-425a168f8855",
              "isHook": false,
              "skipped": false
            },
            {
              "title": "should return return right data from the promise (chaiaspromised)",
              "fullTitle": "------------Promise------------ should return return right data from the promise (chaiaspromised)",
              "timedOut": false,
              "duration": 1,
              "state": "passed",
              "speed": "fast",
              "pass": true,
              "fail": false,
              "pending": false,
              "context": null,
              "code": "expect(student.getData()).to.eventually.equal(10);\n//return gives you the time taken by the promise;",
              "err": {},
              "uuid": "f5b6a9ce-2cd5-4f6d-8d48-c2fdda3267ac",
              "parentUUID": "2af918cf-a52c-4713-b843-425a168f8855",
              "isHook": false,
              "skipped": false
            },
            {
              "title": "should return a otp property",
              "fullTitle": "------------Promise------------ should return a otp property",
              "timedOut": false,
              "duration": 0,
              "state": "passed",
              "speed": "fast",
              "pass": true,
              "fail": false,
              "pending": false,
              "context": null,
              "code": "this.timeout(0);\nexpect(user.getOtp()).to.eventually.have.deep.property(\"otp\");",
              "err": {},
              "uuid": "53cc4187-b03c-42b9-893e-50b7e1758a64",
              "parentUUID": "2af918cf-a52c-4713-b843-425a168f8855",
              "isHook": false,
              "skipped": false
            }
          ],
          "suites": [],
          "passes": [
            "d4e4971c-d56e-4534-bf20-28faab52192b",
            "b78046b7-5e74-4d3b-958c-61ee2496f64e",
            "f5b6a9ce-2cd5-4f6d-8d48-c2fdda3267ac",
            "53cc4187-b03c-42b9-893e-50b7e1758a64"
          ],
          "failures": [],
          "pending": [],
          "skipped": [],
          "duration": 4029,
          "root": false,
          "rootEmpty": false,
          "_timeout": 2000
        },
        {
          "uuid": "1a884599-be91-4727-b289-9698e7c8319b",
          "title": "--------General methods--------",
          "fullFile": "C:\\harsh\\coding\\unitTesting\\test\\first.spec.js",
          "file": "\\test\\first.spec.js",
          "beforeHooks": [],
          "afterHooks": [],
          "tests": [],
          "suites": [
            {
              "uuid": "40d8e63a-9747-49e7-9aff-30e47ebbde4b",
              "title": "Array Methods",
              "fullFile": "C:\\harsh\\coding\\unitTesting\\test\\first.spec.js",
              "file": "\\test\\first.spec.js",
              "beforeHooks": [],
              "afterHooks": [],
              "tests": [
                {
                  "title": "should be an array",
                  "fullTitle": "--------General methods-------- Array Methods should be an array",
                  "timedOut": false,
                  "duration": 1,
                  "state": "passed",
                  "speed": "fast",
                  "pass": true,
                  "fail": false,
                  "pending": false,
                  "context": null,
                  "code": "expect(newArray).to.be.an(\"array\");",
                  "err": {},
                  "uuid": "03dcc410-4cbd-4a30-a96f-c324862b941f",
                  "parentUUID": "40d8e63a-9747-49e7-9aff-30e47ebbde4b",
                  "isHook": false,
                  "skipped": false
                },
                {
                  "title": "Should have index matching",
                  "fullTitle": "--------General methods-------- Array Methods Should have index matching",
                  "timedOut": false,
                  "duration": 0,
                  "state": "passed",
                  "speed": "fast",
                  "pass": true,
                  "fail": false,
                  "pending": false,
                  "context": null,
                  "code": "expect(newArray.indexOf(2)).to.equal(1);",
                  "err": {},
                  "uuid": "5bc26482-0c6e-4da1-a662-c38ce04fe5bc",
                  "parentUUID": "40d8e63a-9747-49e7-9aff-30e47ebbde4b",
                  "isHook": false,
                  "skipped": false
                }
              ],
              "suites": [],
              "passes": [
                "03dcc410-4cbd-4a30-a96f-c324862b941f",
                "5bc26482-0c6e-4da1-a662-c38ce04fe5bc"
              ],
              "failures": [],
              "pending": [],
              "skipped": [],
              "duration": 1,
              "root": false,
              "rootEmpty": false,
              "_timeout": 2000
            },
            {
              "uuid": "f02b3eb8-2d17-4e87-a6a1-6ceb25ae836f",
              "title": "String Methods",
              "fullFile": "C:\\harsh\\coding\\unitTesting\\test\\first.spec.js",
              "file": "\\test\\first.spec.js",
              "beforeHooks": [],
              "afterHooks": [],
              "tests": [
                {
                  "title": "should be an string",
                  "fullTitle": "--------General methods-------- String Methods should be an string",
                  "timedOut": false,
                  "duration": 0,
                  "state": "passed",
                  "speed": "fast",
                  "pass": true,
                  "fail": false,
                  "pending": false,
                  "context": null,
                  "code": "let newString = \"Pikachu!\";\nexpect(newString).to.be.a(\"string\");",
                  "err": {},
                  "uuid": "aa8a22a3-f3fc-43c8-be20-286794d5b29e",
                  "parentUUID": "f02b3eb8-2d17-4e87-a6a1-6ceb25ae836f",
                  "isHook": false,
                  "skipped": false
                }
              ],
              "suites": [],
              "passes": [
                "aa8a22a3-f3fc-43c8-be20-286794d5b29e"
              ],
              "failures": [],
              "pending": [],
              "skipped": [],
              "duration": 0,
              "root": false,
              "rootEmpty": false,
              "_timeout": 2000
            },
            {
              "uuid": "c3244742-56a2-4425-935c-0009e6c69ca9",
              "title": "object Methods",
              "fullFile": "C:\\harsh\\coding\\unitTesting\\test\\first.spec.js",
              "file": "\\test\\first.spec.js",
              "beforeHooks": [],
              "afterHooks": [],
              "tests": [
                {
                  "title": "should have an property named age",
                  "fullTitle": "--------General methods-------- object Methods should have an property named age",
                  "timedOut": false,
                  "duration": 0,
                  "state": "passed",
                  "speed": "fast",
                  "pass": true,
                  "fail": false,
                  "pending": false,
                  "context": null,
                  "code": "expect(user1).to.have.property(\"age\", 23);",
                  "err": {},
                  "uuid": "7d9e1285-0285-45d4-9e32-3924d115897f",
                  "parentUUID": "c3244742-56a2-4425-935c-0009e6c69ca9",
                  "isHook": false,
                  "skipped": false
                },
                {
                  "title": "api object should match",
                  "fullTitle": "--------General methods-------- object Methods api object should match",
                  "timedOut": false,
                  "duration": 1,
                  "state": "passed",
                  "speed": "fast",
                  "pass": true,
                  "fail": false,
                  "pending": false,
                  "context": null,
                  "code": "expect(user1).to.have.all.keys(\"name\", \"age\", \"number\", \"status\");",
                  "err": {},
                  "uuid": "f2c554c3-09f1-4b73-a8f9-eaf1a7306c9a",
                  "parentUUID": "c3244742-56a2-4425-935c-0009e6c69ca9",
                  "isHook": false,
                  "skipped": false
                },
                {
                  "title": "there should be more than 2 phone numbers",
                  "fullTitle": "--------General methods-------- object Methods there should be more than 2 phone numbers",
                  "timedOut": false,
                  "duration": 1,
                  "state": "passed",
                  "speed": "fast",
                  "pass": true,
                  "fail": false,
                  "pending": false,
                  "context": null,
                  "code": "expect(user1).to.have.nested.property(\"number.mobile[0]\");",
                  "err": {},
                  "uuid": "fbfce70e-745c-4396-8e4d-e644573dd2a4",
                  "parentUUID": "c3244742-56a2-4425-935c-0009e6c69ca9",
                  "isHook": false,
                  "skipped": false
                },
                {
                  "title": "mobile number contains country code",
                  "fullTitle": "--------General methods-------- object Methods mobile number contains country code",
                  "timedOut": false,
                  "duration": 0,
                  "state": "passed",
                  "speed": "fast",
                  "pass": true,
                  "fail": false,
                  "pending": false,
                  "context": null,
                  "code": "expect(user1).to.have.nested.include({ \"number.countryCode\": 91 });",
                  "err": {},
                  "uuid": "a0dd5f5d-8c2f-47c3-ac32-dd424f439864",
                  "parentUUID": "c3244742-56a2-4425-935c-0009e6c69ca9",
                  "isHook": false,
                  "skipped": false
                }
              ],
              "suites": [],
              "passes": [
                "7d9e1285-0285-45d4-9e32-3924d115897f",
                "f2c554c3-09f1-4b73-a8f9-eaf1a7306c9a",
                "fbfce70e-745c-4396-8e4d-e644573dd2a4",
                "a0dd5f5d-8c2f-47c3-ac32-dd424f439864"
              ],
              "failures": [],
              "pending": [],
              "skipped": [],
              "duration": 2,
              "root": false,
              "rootEmpty": false,
              "_timeout": 2000
            }
          ],
          "passes": [],
          "failures": [],
          "pending": [],
          "skipped": [],
          "duration": 0,
          "root": false,
          "rootEmpty": false,
          "_timeout": 2000
        },
        {
          "uuid": "50be9b3c-a495-44c6-9aa9-c93df3a22457",
          "title": "=========Heading 1=========",
          "fullFile": "C:\\harsh\\coding\\unitTesting\\test\\hooks.spec.js",
          "file": "\\test\\hooks.spec.js",
          "beforeHooks": [
            {
              "title": "\"before all\" hook in \"=========Heading 1=========\"",
              "fullTitle": "=========Heading 1========= \"before all\" hook in \"=========Heading 1=========\"",
              "timedOut": false,
              "duration": 1,
              "state": null,
              "speed": null,
              "pass": false,
              "fail": false,
              "pending": false,
              "context": null,
              "code": "console.log(\"before called!\");",
              "err": {},
              "uuid": "9bcaac5e-c74c-43ef-b1ff-17740c03923f",
              "parentUUID": "50be9b3c-a495-44c6-9aa9-c93df3a22457",
              "isHook": true,
              "skipped": false
            },
            {
              "title": "\"before each\" hook in \"=========Heading 1=========\"",
              "fullTitle": "=========Heading 1========= \"before each\" hook in \"=========Heading 1=========\"",
              "timedOut": false,
              "duration": 0,
              "state": null,
              "speed": null,
              "pass": false,
              "fail": false,
              "pending": false,
              "context": null,
              "code": "console.log(\"before every function called!\");",
              "err": {},
              "uuid": "04c4e20f-4a42-4319-8d7c-4add431045a3",
              "parentUUID": "50be9b3c-a495-44c6-9aa9-c93df3a22457",
              "isHook": true,
              "skipped": false
            }
          ],
          "afterHooks": [
            {
              "title": "\"after all\" hook in \"=========Heading 1=========\"",
              "fullTitle": "=========Heading 1========= \"after all\" hook in \"=========Heading 1=========\"",
              "timedOut": false,
              "duration": 0,
              "state": null,
              "speed": null,
              "pass": false,
              "fail": false,
              "pending": false,
              "context": null,
              "code": "console.log(\"after called!\");",
              "err": {},
              "uuid": "d83dddbc-8682-4224-9c3f-4afbfebd916f",
              "parentUUID": "50be9b3c-a495-44c6-9aa9-c93df3a22457",
              "isHook": true,
              "skipped": false
            },
            {
              "title": "\"after each\" hook in \"=========Heading 1=========\"",
              "fullTitle": "=========Heading 1========= \"after each\" hook in \"=========Heading 1=========\"",
              "timedOut": false,
              "duration": 1,
              "state": null,
              "speed": null,
              "pass": false,
              "fail": false,
              "pending": false,
              "context": null,
              "code": "console.log(\"after every function called!\");",
              "err": {},
              "uuid": "05a07779-07dd-4031-a87b-27c3d8c09671",
              "parentUUID": "50be9b3c-a495-44c6-9aa9-c93df3a22457",
              "isHook": true,
              "skipped": false
            }
          ],
          "tests": [
            {
              "title": "hould allow hooks1",
              "fullTitle": "=========Heading 1========= hould allow hooks1",
              "timedOut": false,
              "duration": 1,
              "state": "passed",
              "speed": "fast",
              "pass": true,
              "fail": false,
              "pending": false,
              "context": null,
              "code": "expect(data).to.be.a(\"string\");",
              "err": {},
              "uuid": "3b2f8d45-cf92-4080-8f75-900d0d77b9f4",
              "parentUUID": "50be9b3c-a495-44c6-9aa9-c93df3a22457",
              "isHook": false,
              "skipped": false
            },
            {
              "title": "should match with the data1",
              "fullTitle": "=========Heading 1========= should match with the data1",
              "timedOut": false,
              "duration": 1,
              "state": "passed",
              "speed": "fast",
              "pass": true,
              "fail": false,
              "pending": false,
              "context": null,
              "code": "expect(data).to.be.equal(\"pikachu\");",
              "err": {},
              "uuid": "f4402bab-88fe-4057-96e4-d6c80dd083e9",
              "parentUUID": "50be9b3c-a495-44c6-9aa9-c93df3a22457",
              "isHook": false,
              "skipped": false
            }
          ],
          "suites": [],
          "passes": [
            "3b2f8d45-cf92-4080-8f75-900d0d77b9f4",
            "f4402bab-88fe-4057-96e4-d6c80dd083e9"
          ],
          "failures": [],
          "pending": [],
          "skipped": [],
          "duration": 2,
          "root": false,
          "rootEmpty": false,
          "_timeout": 2000
        },
        {
          "uuid": "706ae214-31e7-4ff4-a6b6-27bf13c9b028",
          "title": "=========Heading 2=========",
          "fullFile": "C:\\harsh\\coding\\unitTesting\\test\\hooks.spec.js",
          "file": "\\test\\hooks.spec.js",
          "beforeHooks": [],
          "afterHooks": [],
          "tests": [
            {
              "title": "hould allow hooks2",
              "fullTitle": "=========Heading 2========= hould allow hooks2",
              "timedOut": false,
              "duration": 0,
              "state": "pending",
              "speed": null,
              "pass": false,
              "fail": false,
              "pending": true,
              "context": null,
              "code": "",
              "err": {},
              "uuid": "db250613-fc44-4dc7-bd5f-bdbfb925f3d6",
              "parentUUID": "706ae214-31e7-4ff4-a6b6-27bf13c9b028",
              "isHook": false,
              "skipped": false
            },
            {
              "title": "should match with the data2",
              "fullTitle": "=========Heading 2========= should match with the data2",
              "timedOut": false,
              "duration": 0,
              "state": "pending",
              "speed": null,
              "pass": false,
              "fail": false,
              "pending": true,
              "context": null,
              "code": "",
              "err": {},
              "uuid": "d567c9a4-0341-48ee-b8fb-8cbb71ac48f8",
              "parentUUID": "706ae214-31e7-4ff4-a6b6-27bf13c9b028",
              "isHook": false,
              "skipped": false
            }
          ],
          "suites": [],
          "passes": [],
          "failures": [],
          "pending": [
            "db250613-fc44-4dc7-bd5f-bdbfb925f3d6",
            "d567c9a4-0341-48ee-b8fb-8cbb71ac48f8"
          ],
          "skipped": [],
          "duration": 0,
          "root": false,
          "rootEmpty": false,
          "_timeout": 2000
        },
        {
          "uuid": "ed7637e3-bd78-4692-a3fa-475535eb894f",
          "title": "=========Heading 3=========",
          "fullFile": "C:\\harsh\\coding\\unitTesting\\test\\hooks.spec.js",
          "file": "\\test\\hooks.spec.js",
          "beforeHooks": [],
          "afterHooks": [],
          "tests": [
            {
              "title": "should allow hooks3",
              "fullTitle": "=========Heading 3========= should allow hooks3",
              "timedOut": false,
              "duration": 0,
              "state": "passed",
              "speed": "fast",
              "pass": true,
              "fail": false,
              "pending": false,
              "context": null,
              "code": "expect(data).to.be.a(\"number\");",
              "err": {},
              "uuid": "bd4c25f8-f9e9-4ea5-a5c0-6b2cc6133f43",
              "parentUUID": "ed7637e3-bd78-4692-a3fa-475535eb894f",
              "isHook": false,
              "skipped": false
            },
            {
              "title": "should match with the data3",
              "fullTitle": "=========Heading 3========= should match with the data3",
              "timedOut": false,
              "duration": 0,
              "state": "pending",
              "speed": null,
              "pass": false,
              "fail": false,
              "pending": true,
              "context": null,
              "code": "",
              "err": {},
              "uuid": "9a19367d-17f7-49f4-890b-e682d1137a30",
              "parentUUID": "ed7637e3-bd78-4692-a3fa-475535eb894f",
              "isHook": false,
              "skipped": false
            }
          ],
          "suites": [],
          "passes": [
            "bd4c25f8-f9e9-4ea5-a5c0-6b2cc6133f43"
          ],
          "failures": [],
          "pending": [
            "9a19367d-17f7-49f4-890b-e682d1137a30"
          ],
          "skipped": [],
          "duration": 0,
          "root": false,
          "rootEmpty": false,
          "_timeout": 2000
        },
        {
          "uuid": "1aa0477e-ab62-4121-9c95-573d23303b3e",
          "title": "-------------Mock--------------",
          "fullFile": "C:\\harsh\\coding\\unitTesting\\test\\mock.spec.js",
          "file": "\\test\\mock.spec.js",
          "beforeHooks": [],
          "afterHooks": [],
          "tests": [
            {
              "title": "Successfully mock the student class and verify getExternal function",
              "fullTitle": "-------------Mock-------------- Successfully mock the student class and verify getExternal function",
              "timedOut": false,
              "duration": 5,
              "state": "passed",
              "speed": "fast",
              "pass": true,
              "fail": false,
              "pending": false,
              "context": null,
              "code": "var mock = sinon.mock(studentObj);\nvar expt = mock.expects(\"getExternal\");\nexpt.exactly(1);\nexpt.withArgs(42);\nstudentObj.getExternal(42);\nmock.verify();",
              "err": {},
              "uuid": "740ed8eb-0b71-4c9d-8b14-f5ab62ddfd11",
              "parentUUID": "1aa0477e-ab62-4121-9c95-573d23303b3e",
              "isHook": false,
              "skipped": false
            },
            {
              "title": "successufully mock the student class and verify getInternal function",
              "fullTitle": "-------------Mock-------------- successufully mock the student class and verify getInternal function",
              "timedOut": false,
              "duration": 1,
              "state": "passed",
              "speed": "fast",
              "pass": true,
              "fail": false,
              "pending": false,
              "context": null,
              "code": "var mock = sinon.mock(studentObj);\nvar expt = mock.expects(\"getInternal\");\nexpt.exactly(1);\nexpt.withArgs(50);\nstudentObj.getInternal(50);\nmock.verify();",
              "err": {},
              "uuid": "e04111ea-fa51-4fc9-88a2-7eb6150c848e",
              "parentUUID": "1aa0477e-ab62-4121-9c95-573d23303b3e",
              "isHook": false,
              "skipped": false
            }
          ],
          "suites": [],
          "passes": [
            "740ed8eb-0b71-4c9d-8b14-f5ab62ddfd11",
            "e04111ea-fa51-4fc9-88a2-7eb6150c848e"
          ],
          "failures": [],
          "pending": [],
          "skipped": [],
          "duration": 6,
          "root": false,
          "rootEmpty": false,
          "_timeout": 2000
        },
        {
          "uuid": "ca2ce722-a026-4112-b686-323ade35a291",
          "title": "---------------nock--------------",
          "fullFile": "C:\\harsh\\coding\\unitTesting\\test\\nock.spec.js",
          "file": "\\test\\nock.spec.js",
          "beforeHooks": [],
          "afterHooks": [],
          "tests": [
            {
              "title": "should mock a api response",
              "fullTitle": "---------------nock-------------- should mock a api response",
              "timedOut": false,
              "duration": 10,
              "state": "passed",
              "speed": "fast",
              "pass": true,
              "fail": false,
              "pending": false,
              "context": null,
              "code": "var obj = {\n\tstatus: 200,\n\tmessage: \"api data fetched correctly\",\n\tdata: [1, 2, 3, 4, 5],\n};\nconst apiHit = nock(\"https://dummy.restapiexample.com/api/v1\")\n\t.get(\"/employees\")\n\t.reply(200, obj);\nthis.timeout(0);\nstudent\n\t.thirdPartyApi()\n\t.then((data) => {\n\t\t// console.log(data);\n\t\texpect(data).to.be.equal(apiHit);\n\t})\n\t.catch((error) => {\n\t\tconsole.log(\"Error: \" + error);\n\t});\ndone();",
              "err": {},
              "uuid": "dde7cde0-2cf3-4c56-adf3-ff1298ada0ca",
              "parentUUID": "ca2ce722-a026-4112-b686-323ade35a291",
              "isHook": false,
              "skipped": false
            }
          ],
          "suites": [],
          "passes": [
            "dde7cde0-2cf3-4c56-adf3-ff1298ada0ca"
          ],
          "failures": [],
          "pending": [],
          "skipped": [],
          "duration": 10,
          "root": false,
          "rootEmpty": false,
          "_timeout": 2000
        },
        {
          "uuid": "c173f447-bc30-425d-ad8f-4bc324ac3dfa",
          "title": "-------------spy--------------",
          "fullFile": "C:\\harsh\\coding\\unitTesting\\test\\spie.spec.js",
          "file": "\\test\\spie.spec.js",
          "beforeHooks": [],
          "afterHooks": [],
          "tests": [
            {
              "title": "test user function",
              "fullTitle": "-------------spy-------------- test user function",
              "timedOut": false,
              "duration": 1,
              "state": "passed",
              "speed": "fast",
              "pass": true,
              "fail": false,
              "pending": false,
              "context": null,
              "code": "expect(studentObj.userId()).to.be.equal(12);",
              "err": {},
              "uuid": "f6bed4b6-b268-4159-9bcd-c895884d50e6",
              "parentUUID": "c173f447-bc30-425d-ad8f-4bc324ac3dfa",
              "isHook": false,
              "skipped": false
            },
            {
              "title": "should count the function calls to 1",
              "fullTitle": "-------------spy-------------- should count the function calls to 1",
              "timedOut": false,
              "duration": 0,
              "state": "passed",
              "speed": "fast",
              "pass": true,
              "fail": false,
              "pending": false,
              "context": null,
              "code": "// var spyObj = sinon.spy(studentObj, \"getInfo\");\nstudentObj.home(5);\nexpect(spyObj.callCount).to.be.equal(1);",
              "err": {},
              "uuid": "f63ed685-aab3-415b-be08-856c9ecf47e9",
              "parentUUID": "c173f447-bc30-425d-ad8f-4bc324ac3dfa",
              "isHook": false,
              "skipped": false
            },
            {
              "title": "check function arguments",
              "fullTitle": "-------------spy-------------- check function arguments",
              "timedOut": false,
              "duration": 1,
              "state": "passed",
              "speed": "fast",
              "pass": true,
              "fail": false,
              "pending": false,
              "context": null,
              "code": "// var spyObj = sinon.spy(studentObj, \"getInfo\");\nstudentObj.home(5);\nexpect(spyObj.calledWith(5, 1)).to.be.true;",
              "err": {},
              "uuid": "668ef7bf-5b6c-44bd-b701-ec00ea2c1505",
              "parentUUID": "c173f447-bc30-425d-ad8f-4bc324ac3dfa",
              "isHook": false,
              "skipped": false
            }
          ],
          "suites": [],
          "passes": [
            "f6bed4b6-b268-4159-9bcd-c895884d50e6",
            "f63ed685-aab3-415b-be08-856c9ecf47e9",
            "668ef7bf-5b6c-44bd-b701-ec00ea2c1505"
          ],
          "failures": [],
          "pending": [],
          "skipped": [],
          "duration": 2,
          "root": false,
          "rootEmpty": false,
          "_timeout": 2000
        },
        {
          "uuid": "39a309e7-f52c-45ad-b3fc-b3c37f2167fe",
          "title": "-------------Stub--------------",
          "fullFile": "C:\\harsh\\coding\\unitTesting\\test\\stub.spec.js",
          "file": "\\test\\stub.spec.js",
          "beforeHooks": [],
          "afterHooks": [],
          "tests": [
            {
              "title": "Verify if final marks are calculated properly",
              "fullTitle": "-------------Stub-------------- Verify if final marks are calculated properly",
              "timedOut": false,
              "duration": 2,
              "state": "passed",
              "speed": "fast",
              "pass": true,
              "fail": false,
              "pending": false,
              "context": null,
              "code": "var stubObject = sinon.stub(studentObj, \"getExternal\");\nstubObject.withArgs(40).returns(5);\nexpect(studentObj.finalMarks(40)).to.be.equal(54);",
              "err": {},
              "uuid": "67102043-7a2f-4411-b363-e3f2922338ae",
              "parentUUID": "39a309e7-f52c-45ad-b3fc-b3c37f2167fe",
              "isHook": false,
              "skipped": false
            }
          ],
          "suites": [],
          "passes": [
            "67102043-7a2f-4411-b363-e3f2922338ae"
          ],
          "failures": [],
          "pending": [],
          "skipped": [],
          "duration": 2,
          "root": false,
          "rootEmpty": false,
          "_timeout": 2000
        }
      ],
      "passes": [],
      "failures": [],
      "pending": [],
      "skipped": [],
      "duration": 0,
      "root": true,
      "rootEmpty": true,
      "_timeout": 2000
    }
  ],
  "meta": {
    "mocha": {
      "version": "10.2.0"
    },
    "mochawesome": {
      "options": {
        "quiet": false,
        "reportFilename": "mochawesome",
        "saveHtml": true,
        "saveJson": true,
        "consoleReporter": "spec",
        "useInlineDiffs": false,
        "code": true
      },
      "version": "7.1.3"
    },
    "marge": {
      "options": null,
      "version": "6.2.0"
    }
  }
}